Removed Pin From Net: NetName=GND Pin=J6-1
Removed Pin From Net: NetName=GND Pin=J6-2
Removed Pin From Net: NetName=GND Pin=J6-7
Removed Pin From Net: NetName=GND Pin=J6-8
Removed Pin From Net: NetName=GND Pin=J6-13
Removed Pin From Net: NetName=GND Pin=J6-14
Removed Pin From Net: NetName=Pi_nLED_Activity Pin=J6-21
Removed Pin From Net: NetName=GND Pin=J6-22
Removed Pin From Net: NetName=GND Pin=J6-23
Removed Pin From Net: NetName=GPIO26 Pin=J6-24
Removed Pin From Net: NetName=GPIO21 Pin=J6-25
Removed Pin From Net: NetName=GPIO19 Pin=J6-26
Removed Pin From Net: NetName=GPIO20 Pin=J6-27
Removed Pin From Net: NetName=GPIO13 Pin=J6-28
Removed Pin From Net: NetName=GPIO16 Pin=J6-29
Removed Pin From Net: NetName=GPIO6 Pin=J6-30
Removed Pin From Net: NetName=GPIO12 Pin=J6-31
Removed Pin From Net: NetName=GND Pin=J6-32
Removed Pin From Net: NetName=GND Pin=J6-33
Removed Pin From Net: NetName=GPIO5 Pin=J6-34
Removed Pin From Net: NetName=GPIO1 Pin=J6-35
Removed Pin From Net: NetName=GPIO0 Pin=J6-36
Removed Pin From Net: NetName=GPIO7 Pin=J6-37
Removed Pin From Net: NetName=GPIO11 Pin=J6-38
Removed Pin From Net: NetName=GPIO8 Pin=J6-39
Removed Pin From Net: NetName=GPIO9 Pin=J6-40
Removed Pin From Net: NetName=GPIO25 Pin=J6-41
Removed Pin From Net: NetName=GND Pin=J6-42
Removed Pin From Net: NetName=GND Pin=J6-43
Removed Pin From Net: NetName=GPIO10 Pin=J6-44
Removed Pin From Net: NetName=GPIO24 Pin=J6-45
Removed Pin From Net: NetName=GPIO22 Pin=J6-46
Removed Pin From Net: NetName=GPIO23 Pin=J6-47
Removed Pin From Net: NetName=GPIO27 Pin=J6-48
Removed Pin From Net: NetName=GPIO18 Pin=J6-49
Removed Pin From Net: NetName=GPIO17 Pin=J6-50
Removed Pin From Net: NetName=GPIO15 Pin=J6-51
Removed Pin From Net: NetName=GND Pin=J6-52
Removed Pin From Net: NetName=GND Pin=J6-53
Removed Pin From Net: NetName=GPIO4 Pin=J6-54
Removed Pin From Net: NetName=GPIO14 Pin=J6-55
Removed Pin From Net: NetName=GPIO3 Pin=J6-56
Removed Pin From Net: NetName=GPIO2 Pin=J6-58
Removed Pin From Net: NetName=GND Pin=J6-59
Removed Pin From Net: NetName=GND Pin=J6-60
Removed Pin From Net: NetName=GND Pin=J6-65
Removed Pin From Net: NetName=GND Pin=J6-66
Removed Pin From Net: NetName=GND Pin=J6-71
Removed Pin From Net: NetName=GND Pin=J6-74
Removed Pin From Net: NetName=+5V Pin=J6-77
Removed Pin From Net: NetName=+5V Pin=J6-79
Removed Pin From Net: NetName=GPIO45 Pin=J6-80
Removed Pin From Net: NetName=+5V Pin=J6-81
Removed Pin From Net: NetName=GPIO44 Pin=J6-82
Removed Pin From Net: NetName=+5V Pin=J6-83
Removed Pin From Net: NetName=+3.3V(from CM4) Pin=J6-84
Removed Pin From Net: NetName=+5V Pin=J6-85
Removed Pin From Net: NetName=+3.3V(from CM4) Pin=J6-86
Removed Pin From Net: NetName=+5V Pin=J6-87
Removed Pin From Net: NetName=PI_LED_nPWR Pin=J6-95
Removed Pin From Net: NetName=GND Pin=J6-98
Removed Pin From Net: NetName=USB_OTG_ID Pin=J6-101
Removed Pin From Net: NetName=USB_N Pin=J6-103
Removed Pin From Net: NetName=USB_P Pin=J6-105
Removed Pin From Net: NetName=GND Pin=J6-107
Removed Pin From Net: NetName=GND Pin=J6-108
Removed Pin From Net: NetName=GND Pin=J6-113
Removed Pin From Net: NetName=GND Pin=J6-114
Removed Pin From Net: NetName=GND Pin=J6-119
Removed Pin From Net: NetName=GND Pin=J6-120
Removed Pin From Net: NetName=GND Pin=J6-125
Removed Pin From Net: NetName=GND Pin=J6-126
Removed Pin From Net: NetName=GND Pin=J6-131
Removed Pin From Net: NetName=GND Pin=J6-132
Removed Pin From Net: NetName=GND Pin=J6-137
Removed Pin From Net: NetName=GND Pin=J6-138
Removed Pin From Net: NetName=GND Pin=J6-144
Removed Pin From Net: NetName=GND Pin=J6-150
Removed Pin From Net: NetName=GND Pin=J6-155
Removed Pin From Net: NetName=GND Pin=J6-156
Removed Pin From Net: NetName=GND Pin=J6-161
Removed Pin From Net: NetName=GND Pin=J6-162
Removed Pin From Net: NetName=GND Pin=J6-167
Removed Pin From Net: NetName=GND Pin=J6-168
Removed Pin From Net: NetName=GND Pin=J6-173
Removed Pin From Net: NetName=GND Pin=J6-174
Removed Pin From Net: NetName=GND Pin=J6-179
Removed Pin From Net: NetName=GND Pin=J6-180
Removed Pin From Net: NetName=GND Pin=J6-185
Removed Pin From Net: NetName=GND Pin=J6-186
Removed Pin From Net: NetName=GND Pin=J6-191
Removed Pin From Net: NetName=GND Pin=J6-192
Removed Pin From Net: NetName=GND Pin=J6-197
Removed Pin From Net: NetName=GND Pin=J6-198
Removed Member From Class: ClassName=ConvertionBoard Member=J6
Added Component: Designator=J?(CM4-F40C-100DS-0.4v_1.5mm_0mm)
Added Component: Designator=J?(CM4-F40C-100DS-0.4v_1.5mm_0mm)
Added Pin To Net: NetName=GND Pin=J7-47
Added Pin To Net: NetName=+3.3V(from CM4) Pin=J7-48
Added Pin To Net: NetName=GND Pin=J?-1
Added Pin To Net: NetName=GND Pin=J?-1
Added Pin To Net: NetName=GND Pin=J?-1
Added Pin To Net: NetName=GND Pin=J?-1
Added Pin To Net: NetName=GND Pin=J?-1
Added Pin To Net: NetName=GND Pin=J?-2
Added Pin To Net: NetName=GND Pin=J?-7
Added Pin To Net: NetName=GND Pin=J?-8
Added Pin To Net: NetName=GND Pin=J?-13
Added Pin To Net: NetName=GND Pin=J?-14
Added Pin To Net: NetName=Pi_nLED_Activity Pin=J?-21
Added Pin To Net: NetName=GND Pin=J?-22
Added Pin To Net: NetName=GND Pin=J?-23
Added Pin To Net: NetName=GPIO26 Pin=J?-24
Added Pin To Net: NetName=GPIO21 Pin=J?-25
Added Pin To Net: NetName=GPIO19 Pin=J?-26
Added Pin To Net: NetName=GPIO20 Pin=J?-27
Added Pin To Net: NetName=GPIO13 Pin=J?-28
Added Pin To Net: NetName=GPIO16 Pin=J?-29
Added Pin To Net: NetName=GPIO6 Pin=J?-30
Added Pin To Net: NetName=GPIO12 Pin=J?-31
Added Pin To Net: NetName=GND Pin=J?-32
Added Pin To Net: NetName=GND Pin=J?-33
Added Pin To Net: NetName=GPIO5 Pin=J?-34
Added Pin To Net: NetName=GPIO1 Pin=J?-35
Added Pin To Net: NetName=GPIO0 Pin=J?-36
Added Pin To Net: NetName=GPIO7 Pin=J?-37
Added Pin To Net: NetName=GPIO11 Pin=J?-38
Added Pin To Net: NetName=GPIO8 Pin=J?-39
Added Pin To Net: NetName=GPIO9 Pin=J?-40
Added Pin To Net: NetName=GPIO25 Pin=J?-41
Added Pin To Net: NetName=GND Pin=J?-42
Added Pin To Net: NetName=GND Pin=J?-43
Added Pin To Net: NetName=GPIO10 Pin=J?-44
Added Pin To Net: NetName=GPIO24 Pin=J?-45
Added Pin To Net: NetName=GPIO22 Pin=J?-46
Added Pin To Net: NetName=GPIO23 Pin=J?-47
Added Pin To Net: NetName=GPIO27 Pin=J?-48
Added Pin To Net: NetName=GPIO18 Pin=J?-49
Added Pin To Net: NetName=GPIO17 Pin=J?-50
Added Pin To Net: NetName=GPIO15 Pin=J?-51
Added Pin To Net: NetName=GND Pin=J?-52
Added Pin To Net: NetName=GND Pin=J?-53
Added Pin To Net: NetName=GPIO4 Pin=J?-54
Added Pin To Net: NetName=GPIO14 Pin=J?-55
Added Pin To Net: NetName=GPIO3 Pin=J?-56
Added Pin To Net: NetName=GPIO2 Pin=J?-58
Added Pin To Net: NetName=GND Pin=J?-59
Added Pin To Net: NetName=GND Pin=J?-60
Added Pin To Net: NetName=GND Pin=J?-65
Added Pin To Net: NetName=GND Pin=J?-66
Added Pin To Net: NetName=GND Pin=J?-71
Added Pin To Net: NetName=GND Pin=J?-74
Added Pin To Net: NetName=+5V Pin=J?-77
Added Pin To Net: NetName=+5V Pin=J?-79
Added Pin To Net: NetName=GPIO45 Pin=J?-80
Added Pin To Net: NetName=+5V Pin=J?-81
Added Pin To Net: NetName=GPIO44 Pin=J?-82
Added Pin To Net: NetName=+5V Pin=J?-83
Added Pin To Net: NetName=+3.3V(from CM4) Pin=J?-84
Added Pin To Net: NetName=+5V Pin=J?-85
Added Pin To Net: NetName=+3.3V(from CM4) Pin=J?-86
Added Pin To Net: NetName=+5V Pin=J?-87
Added Pin To Net: NetName=PI_LED_nPWR Pin=J?-95
Added Pin To Net: NetName=GND Pin=J?-98
Added Pin To Net: NetName=USB_OTG_ID Pin=J?-101
Added Pin To Net: NetName=USB_N Pin=J?-103
Added Pin To Net: NetName=USB_P Pin=J?-105
Added Pin To Net: NetName=GND Pin=J?-107
Added Pin To Net: NetName=GND Pin=J?-108
Added Pin To Net: NetName=GND Pin=J?-113
Added Pin To Net: NetName=GND Pin=J?-114
Added Pin To Net: NetName=GND Pin=J?-119
Added Pin To Net: NetName=GND Pin=J?-120
Added Pin To Net: NetName=GND Pin=J?-125
Added Pin To Net: NetName=GND Pin=J?-126
Added Pin To Net: NetName=GND Pin=J?-131
Added Pin To Net: NetName=GND Pin=J?-132
Added Pin To Net: NetName=GND Pin=J?-137
Added Pin To Net: NetName=GND Pin=J?-138
Added Pin To Net: NetName=GND Pin=J?-144
Added Pin To Net: NetName=GND Pin=J?-150
Added Pin To Net: NetName=GND Pin=J?-155
Added Pin To Net: NetName=GND Pin=J?-156
Added Pin To Net: NetName=GND Pin=J?-161
Added Pin To Net: NetName=GND Pin=J?-162
Added Pin To Net: NetName=GND Pin=J?-167
Added Pin To Net: NetName=GND Pin=J?-168
Added Pin To Net: NetName=GND Pin=J?-173
Added Pin To Net: NetName=GND Pin=J?-174
Added Pin To Net: NetName=GND Pin=J?-179
Added Pin To Net: NetName=GND Pin=J?-180
Added Pin To Net: NetName=GND Pin=J?-185
Added Pin To Net: NetName=GND Pin=J?-186
Added Pin To Net: NetName=GND Pin=J?-191
Added Pin To Net: NetName=GND Pin=J?-192
Added Pin To Net: NetName=GND Pin=J?-197
Added Pin To Net: NetName=GND Pin=J?-198
Added Member To Class: ClassName=ConvertionBoard Member=Component J? Compute Module 4(IO)
Added Member To Class: ClassName=ConvertionBoard Member=Component J? Compute Module 4(IO)
Added Room: Name=ConvertionBoard
