Added Component: Designator=J?(CM4-F40C-100DS-0.4v_1.5mm_0mm)
Added Component: Designator=J?(CM4-F40C-100DS-0.4v_1.5mm_0mm)
Added Pin To Net: NetName=USB_OTG_ID Pin=J7-47
Added Pin To Net: NetName=GND Pin=J7-48
Added Pin To Net: NetName=GND Pin=J?-1
Added Pin To Net: NetName=GND Pin=J?-2
Added Pin To Net: NetName=GND Pin=J?-7
Added Pin To Net: NetName=GND Pin=J?-8
Added Pin To Net: NetName=GND Pin=J?-13
Added Pin To Net: NetName=GND Pin=J?-14
Added Pin To Net: NetName=Pi_nLED_Activity Pin=J?-21
Added Pin To Net: NetName=GND Pin=J?-22
Added Pin To Net: NetName=GND Pin=J?-23
Added Pin To Net: NetName=GPIO26 Pin=J?-24
Added Pin To Net: NetName=GPIO21 Pin=J?-25
Added Pin To Net: NetName=GPIO19 Pin=J?-26
Added Pin To Net: NetName=GPIO20 Pin=J?-27
Added Pin To Net: NetName=GPIO13 Pin=J?-28
Added Pin To Net: NetName=GPIO16 Pin=J?-29
Added Pin To Net: NetName=GPIO6 Pin=J?-30
Added Pin To Net: NetName=GPIO12 Pin=J?-31
Added Pin To Net: NetName=GND Pin=J?-32
Added Pin To Net: NetName=GND Pin=J?-33
Added Pin To Net: NetName=GPIO5 Pin=J?-34
Added Pin To Net: NetName=GPIO1 Pin=J?-35
Added Pin To Net: NetName=GPIO0 Pin=J?-36
Added Pin To Net: NetName=GPIO7 Pin=J?-37
Added Pin To Net: NetName=GPIO11 Pin=J?-38
Added Pin To Net: NetName=GPIO8 Pin=J?-39
Added Pin To Net: NetName=GPIO9 Pin=J?-40
Added Pin To Net: NetName=GPIO25 Pin=J?-41
Added Pin To Net: NetName=GND Pin=J?-42
Added Pin To Net: NetName=GND Pin=J?-43
Added Pin To Net: NetName=GPIO10 Pin=J?-44
Added Pin To Net: NetName=GPIO24 Pin=J?-45
Added Pin To Net: NetName=GPIO22 Pin=J?-46
Added Pin To Net: NetName=GPIO23 Pin=J?-47
Added Pin To Net: NetName=GPIO27 Pin=J?-48
Added Pin To Net: NetName=GPIO18 Pin=J?-49
Added Pin To Net: NetName=GPIO17 Pin=J?-50
Added Pin To Net: NetName=GPIO15 Pin=J?-51
Added Pin To Net: NetName=GND Pin=J?-52
Added Pin To Net: NetName=GND Pin=J?-53
Added Pin To Net: NetName=GPIO4 Pin=J?-54
Added Pin To Net: NetName=GPIO14 Pin=J?-55
Added Pin To Net: NetName=GPIO3 Pin=J?-56
Added Pin To Net: NetName=GPIO2 Pin=J?-58
Added Pin To Net: NetName=GND Pin=J?-59
Added Pin To Net: NetName=GND Pin=J?-60
Added Pin To Net: NetName=GND Pin=J?-65
Added Pin To Net: NetName=GND Pin=J?-66
Added Pin To Net: NetName=GND Pin=J?-71
Added Pin To Net: NetName=GND Pin=J?-74
Added Pin To Net: NetName=+5V Pin=J?-77
Added Pin To Net: NetName=+5V Pin=J?-79
Added Pin To Net: NetName=GPIO45 Pin=J?-80
Added Pin To Net: NetName=+5V Pin=J?-81
Added Pin To Net: NetName=GPIO44 Pin=J?-82
Added Pin To Net: NetName=+5V Pin=J?-83
Added Pin To Net: NetName=+3.3V(from CM4) Pin=J?-84
Added Pin To Net: NetName=+5V Pin=J?-85
Added Pin To Net: NetName=+3.3V(from CM4) Pin=J?-86
Added Pin To Net: NetName=+5V Pin=J?-87
Added Pin To Net: NetName=PI_LED_nPWR Pin=J?-95
Added Pin To Net: NetName=GND Pin=J?-98
Added Pin To Net: NetName=USB_OTG_ID Pin=J?-101
Added Pin To Net: NetName=USB_N Pin=J?-103
Added Pin To Net: NetName=USB_P Pin=J?-105
Added Pin To Net: NetName=GND Pin=J?-107
Added Pin To Net: NetName=GND Pin=J?-108
Added Pin To Net: NetName=GND Pin=J?-113
Added Pin To Net: NetName=GND Pin=J?-114
Added Pin To Net: NetName=GND Pin=J?-119
Added Pin To Net: NetName=GND Pin=J?-120
Added Pin To Net: NetName=GND Pin=J?-125
Added Pin To Net: NetName=GND Pin=J?-126
Added Pin To Net: NetName=GND Pin=J?-131
Added Pin To Net: NetName=GND Pin=J?-132
Added Pin To Net: NetName=GND Pin=J?-137
Added Pin To Net: NetName=GND Pin=J?-138
Added Pin To Net: NetName=GND Pin=J?-144
Added Pin To Net: NetName=GND Pin=J?-150
Added Pin To Net: NetName=GND Pin=J?-155
Added Pin To Net: NetName=GND Pin=J?-156
Added Pin To Net: NetName=GND Pin=J?-161
Added Pin To Net: NetName=GND Pin=J?-162
Added Pin To Net: NetName=GND Pin=J?-167
Added Pin To Net: NetName=GND Pin=J?-168
Added Pin To Net: NetName=GND Pin=J?-173
Added Pin To Net: NetName=GND Pin=J?-174
Added Pin To Net: NetName=GND Pin=J?-179
Added Pin To Net: NetName=GND Pin=J?-180
Added Pin To Net: NetName=GND Pin=J?-185
Added Pin To Net: NetName=GND Pin=J?-186
Added Pin To Net: NetName=GND Pin=J?-191
Added Pin To Net: NetName=GND Pin=J?-192
Added Pin To Net: NetName=GND Pin=J?-197
Added Pin To Net: NetName=GND Pin=J?-198
Added Member To Class: ClassName=ConvertionBoard Member=Component J? Compute Module 4(IO)
Added Member To Class: ClassName=ConvertionBoard Member=Component J? Compute Module 4(IO)
