Added Component: Designator=J6(CM4-F40C-100DS-0.4v_1.5mm_0mm)
Added Component: Designator=J6(CM4-F40C-100DS-0.4v_1.5mm_0mm)
Added Pin To Net: NetName=GND Pin=J6-1
Added Pin To Net: NetName=GND Pin=J6-2
Added Pin To Net: NetName=GND Pin=J6-7
Added Pin To Net: NetName=GND Pin=J6-8
Added Pin To Net: NetName=GND Pin=J6-13
Added Pin To Net: NetName=GND Pin=J6-14
Added Pin To Net: NetName=Pi_nLED_Activity Pin=J6-21
Added Pin To Net: NetName=GND Pin=J6-22
Added Pin To Net: NetName=GND Pin=J6-23
Added Pin To Net: NetName=GPIO26 Pin=J6-24
Added Pin To Net: NetName=GPIO21 Pin=J6-25
Added Pin To Net: NetName=GPIO19 Pin=J6-26
Added Pin To Net: NetName=GPIO20 Pin=J6-27
Added Pin To Net: NetName=GPIO13 Pin=J6-28
Added Pin To Net: NetName=GPIO16 Pin=J6-29
Added Pin To Net: NetName=GPIO6 Pin=J6-30
Added Pin To Net: NetName=GPIO12 Pin=J6-31
Added Pin To Net: NetName=GND Pin=J6-32
Added Pin To Net: NetName=GND Pin=J6-33
Added Pin To Net: NetName=GPIO5 Pin=J6-34
Added Pin To Net: NetName=GPIO1 Pin=J6-35
Added Pin To Net: NetName=GPIO0 Pin=J6-36
Added Pin To Net: NetName=GPIO7 Pin=J6-37
Added Pin To Net: NetName=GPIO11 Pin=J6-38
Added Pin To Net: NetName=GPIO8 Pin=J6-39
Added Pin To Net: NetName=GPIO9 Pin=J6-40
Added Pin To Net: NetName=GPIO25 Pin=J6-41
Added Pin To Net: NetName=GND Pin=J6-42
Added Pin To Net: NetName=GND Pin=J6-43
Added Pin To Net: NetName=GPIO10 Pin=J6-44
Added Pin To Net: NetName=GPIO24 Pin=J6-45
Added Pin To Net: NetName=GPIO22 Pin=J6-46
Added Pin To Net: NetName=GPIO23 Pin=J6-47
Added Pin To Net: NetName=GPIO27 Pin=J6-48
Added Pin To Net: NetName=GPIO18 Pin=J6-49
Added Pin To Net: NetName=GPIO17 Pin=J6-50
Added Pin To Net: NetName=GPIO15 Pin=J6-51
Added Pin To Net: NetName=GND Pin=J6-52
Added Pin To Net: NetName=GND Pin=J6-53
Added Pin To Net: NetName=GPIO4 Pin=J6-54
Added Pin To Net: NetName=GPIO14 Pin=J6-55
Added Pin To Net: NetName=GPIO3 Pin=J6-56
Added Pin To Net: NetName=GPIO2 Pin=J6-58
Added Pin To Net: NetName=GND Pin=J6-59
Added Pin To Net: NetName=GND Pin=J6-60
Added Pin To Net: NetName=GND Pin=J6-65
Added Pin To Net: NetName=GND Pin=J6-66
Added Pin To Net: NetName=GND Pin=J6-71
Added Pin To Net: NetName=GND Pin=J6-74
Added Pin To Net: NetName=+5V Pin=J6-77
Added Pin To Net: NetName=+5V Pin=J6-79
Added Pin To Net: NetName=GPIO45 Pin=J6-80
Added Pin To Net: NetName=+5V Pin=J6-81
Added Pin To Net: NetName=GPIO44 Pin=J6-82
Added Pin To Net: NetName=+5V Pin=J6-83
Added Pin To Net: NetName=+3.3V(from CM4) Pin=J6-84
Added Pin To Net: NetName=+5V Pin=J6-85
Added Pin To Net: NetName=+3.3V(from CM4) Pin=J6-86
Added Pin To Net: NetName=+5V Pin=J6-87
Added Pin To Net: NetName=PI_LED_nPWR Pin=J6-95
Added Pin To Net: NetName=GND Pin=J6-98
Added Pin To Net: NetName=USB_OTG_ID Pin=J6-101
Added Pin To Net: NetName=USB_N Pin=J6-103
Added Pin To Net: NetName=USB_P Pin=J6-105
Added Pin To Net: NetName=GND Pin=J6-107
Added Pin To Net: NetName=GND Pin=J6-108
Added Pin To Net: NetName=GND Pin=J6-113
Added Pin To Net: NetName=GND Pin=J6-114
Added Pin To Net: NetName=GND Pin=J6-119
Added Pin To Net: NetName=GND Pin=J6-120
Added Pin To Net: NetName=GND Pin=J6-125
Added Pin To Net: NetName=GND Pin=J6-126
Added Pin To Net: NetName=GND Pin=J6-131
Added Pin To Net: NetName=GND Pin=J6-132
Added Pin To Net: NetName=GND Pin=J6-137
Added Pin To Net: NetName=GND Pin=J6-138
Added Pin To Net: NetName=GND Pin=J6-144
Added Pin To Net: NetName=GND Pin=J6-150
Added Pin To Net: NetName=GND Pin=J6-155
Added Pin To Net: NetName=GND Pin=J6-156
Added Pin To Net: NetName=GND Pin=J6-161
Added Pin To Net: NetName=GND Pin=J6-162
Added Pin To Net: NetName=GND Pin=J6-167
Added Pin To Net: NetName=GND Pin=J6-168
Added Pin To Net: NetName=GND Pin=J6-173
Added Pin To Net: NetName=GND Pin=J6-174
Added Pin To Net: NetName=GND Pin=J6-179
Added Pin To Net: NetName=GND Pin=J6-180
Added Pin To Net: NetName=GND Pin=J6-185
Added Pin To Net: NetName=GND Pin=J6-186
Added Pin To Net: NetName=GND Pin=J6-191
Added Pin To Net: NetName=GND Pin=J6-192
Added Pin To Net: NetName=GND Pin=J6-197
Added Pin To Net: NetName=GND Pin=J6-198
Added Pin To Net: NetName=USB_OTG_ID Pin=J7-47
Added Pin To Net: NetName=GND Pin=J7-48
Added Member To Class: ClassName=ConvertionBoard Member=Component J6 CM4(input)
Added Member To Class: ClassName=ConvertionBoard Member=Component J6 Compute Module 4
