Added Component: Designator=J7(61301221021 - output)
Add component (AddParameter): Name = "Arrow Part Number"; Value = ""; VariantName = "[No Variations]"
Add component (AddParameter): Name = "Arrow Price/Stock"; Value = ""; VariantName = "[No Variations]"
Add component (AddParameter): Name = "Datasheet Link"; Value = "https://katalog.we-online.de/em/datasheet/6130xx21021.pdf"; VariantName = "[No Variations]"
Add component (AddParameter): Name = "Height"; Value = "5.23mm"; VariantName = "[No Variations]"
Add component (AddParameter): Name = "Manufacturer_Name"; Value = "Wurth Elektronik"; VariantName = "[No Variations]"
Add component (AddParameter): Name = "Manufacturer_Part_Number"; Value = "61301221021"; VariantName = "[No Variations]"
Add component (AddParameter): Name = "Mouser Part Number"; Value = "710-61301221021"; VariantName = "[No Variations]"
Add component (AddParameter): Name = "Mouser Price/Stock"; Value = "https://www.mouser.co.uk/ProductDetail/Wurth-Elektronik/61301221021?qs=PhR8RmCirEb%252B3uaPvVz5Gg%3D%3D"; VariantName = "[No Variations]"
Added Pin To Net: NetName=+3.3V(from CM4) Pin=J7-1
Added Pin To Net: NetName=+5V Pin=J7-2
Added Pin To Net: NetName=GPIO2 Pin=J7-3
Added Pin To Net: NetName=+5V Pin=J7-4
Added Pin To Net: NetName=GPIO3 Pin=J7-5
Added Pin To Net: NetName=GND Pin=J7-6
Added Pin To Net: NetName=GPIO4 Pin=J7-7
Added Pin To Net: NetName=GPIO14 Pin=J7-8
Added Pin To Net: NetName=GND Pin=J7-9
Added Pin To Net: NetName=GPIO15 Pin=J7-10
Added Pin To Net: NetName=GPIO17 Pin=J7-11
Added Pin To Net: NetName=GPIO18 Pin=J7-12
Added Pin To Net: NetName=GPIO27 Pin=J7-13
Added Pin To Net: NetName=GND Pin=J7-14
Added Pin To Net: NetName=GPIO22 Pin=J7-15
Added Pin To Net: NetName=GPIO23 Pin=J7-16
Added Pin To Net: NetName=+3.3V(from CM4) Pin=J7-17
Added Pin To Net: NetName=GPIO24 Pin=J7-18
Added Pin To Net: NetName=GPIO10 Pin=J7-19
Added Pin To Net: NetName=GND Pin=J7-20
Added Pin To Net: NetName=GPIO9 Pin=J7-21
Added Pin To Net: NetName=GPIO25 Pin=J7-22
Added Pin To Net: NetName=GPIO11 Pin=J7-23
Added Pin To Net: NetName=GPIO8 Pin=J7-24
Added Pin To Net: NetName=GND Pin=J7-25
Added Pin To Net: NetName=GPIO7 Pin=J7-26
Added Pin To Net: NetName=GPIO0 Pin=J7-27
Added Pin To Net: NetName=GPIO1 Pin=J7-28
Added Pin To Net: NetName=GPIO5 Pin=J7-29
Added Pin To Net: NetName=GND Pin=J7-30
Added Pin To Net: NetName=GPIO6 Pin=J7-31
Added Pin To Net: NetName=GPIO12 Pin=J7-32
Added Pin To Net: NetName=GPIO13 Pin=J7-33
Added Pin To Net: NetName=GND Pin=J7-34
Added Pin To Net: NetName=GPIO19 Pin=J7-35
Added Pin To Net: NetName=GPIO16 Pin=J7-36
Added Pin To Net: NetName=GPIO26 Pin=J7-37
Added Pin To Net: NetName=GPIO20 Pin=J7-38
Added Pin To Net: NetName=GND Pin=J7-39
Added Pin To Net: NetName=GPIO21 Pin=J7-40
Added Pin To Net: NetName=GPIO44 Pin=J7-41
Added Pin To Net: NetName=GPIO45 Pin=J7-42
Added Pin To Net: NetName=+5V Pin=J7-43
Added Pin To Net: NetName=+5V Pin=J7-44
Added Pin To Net: NetName=+3.3V(from CM4) Pin=J7-45
Added Pin To Net: NetName=+3.3V(from CM4) Pin=J7-46
Added Pin To Net: NetName=GND Pin=J7-47
Added Pin To Net: NetName=+3.3V(from CM4) Pin=J7-48
Added Member To Class: ClassName=ConvertionBoard Member=Component J7 61301221021
