Removed Pin From Net: NetName=A3 Pin=RN3-1
Removed Pin From Net: NetName=A2 Pin=RN3-2
Removed Pin From Net: NetName=A1 Pin=RN3-3
Removed Pin From Net: NetName=A0 Pin=RN3-4
Removed Pin From Net: NetName=GND Pin=RN3-5
Removed Pin From Net: NetName=GND Pin=RN3-6
Removed Pin From Net: NetName=GND Pin=RN3-7
Removed Pin From Net: NetName=GND Pin=RN3-8
Removed Pin From Net: NetName=+5V Pin=RN4-1
Removed Pin From Net: NetName=+5V Pin=RN4-2
Removed Pin From Net: NetName=A5 Pin=RN4-3
Removed Pin From Net: NetName=A4 Pin=RN4-4
Removed Pin From Net: NetName=GPIO5 Pin=RN4-5
Removed Pin From Net: NetName=GPIO4 Pin=RN4-6
Removed Pin From Net: NetName=GND Pin=RN4-7
Removed Pin From Net: NetName=GND Pin=RN4-8
Added Pin To Net: NetName=GND Pin=RN3-1
Added Pin To Net: NetName=GND Pin=RN3-2
Added Pin To Net: NetName=GND Pin=RN3-3
Added Pin To Net: NetName=GND Pin=RN3-4
Added Pin To Net: NetName=A3 Pin=RN3-5
Added Pin To Net: NetName=A2 Pin=RN3-6
Added Pin To Net: NetName=A1 Pin=RN3-7
Added Pin To Net: NetName=A0 Pin=RN3-8
Added Pin To Net: NetName=GPIO5 Pin=RN4-1
Added Pin To Net: NetName=GPIO4 Pin=RN4-2
Added Pin To Net: NetName=GND Pin=RN4-3
Added Pin To Net: NetName=GND Pin=RN4-4
Added Pin To Net: NetName=+5V Pin=RN4-5
Added Pin To Net: NetName=+5V Pin=RN4-6
Added Pin To Net: NetName=A5 Pin=RN4-7
Added Pin To Net: NetName=A4 Pin=RN4-8
