Removed Pin From Net: NetName=Pi_nLED_Activity Pin=J?-21
Removed Pin From Net: NetName=GPIO26 Pin=J?-24
Removed Pin From Net: NetName=GPIO21 Pin=J?-25
Removed Pin From Net: NetName=GPIO19 Pin=J?-26
Removed Pin From Net: NetName=GPIO20 Pin=J?-27
Removed Pin From Net: NetName=GPIO13 Pin=J?-28
Removed Pin From Net: NetName=GPIO16 Pin=J?-29
Removed Pin From Net: NetName=GPIO6 Pin=J?-30
Removed Pin From Net: NetName=GPIO12 Pin=J?-31
Removed Pin From Net: NetName=GPIO5 Pin=J?-34
Removed Pin From Net: NetName=GPIO1 Pin=J?-35
Removed Pin From Net: NetName=GPIO0 Pin=J?-36
Removed Pin From Net: NetName=GPIO7 Pin=J?-37
Removed Pin From Net: NetName=GPIO11 Pin=J?-38
Removed Pin From Net: NetName=GPIO8 Pin=J?-39
Removed Pin From Net: NetName=GPIO9 Pin=J?-40
Removed Pin From Net: NetName=GPIO25 Pin=J?-41
Removed Pin From Net: NetName=GPIO10 Pin=J?-44
Removed Pin From Net: NetName=GPIO24 Pin=J?-45
Removed Pin From Net: NetName=GPIO22 Pin=J?-46
Removed Pin From Net: NetName=GPIO23 Pin=J?-47
Removed Pin From Net: NetName=GPIO27 Pin=J?-48
Removed Pin From Net: NetName=GPIO18 Pin=J?-49
Removed Pin From Net: NetName=GPIO17 Pin=J?-50
Removed Pin From Net: NetName=GPIO15 Pin=J?-51
Removed Pin From Net: NetName=GPIO4 Pin=J?-54
Removed Pin From Net: NetName=GPIO14 Pin=J?-55
Removed Pin From Net: NetName=GPIO3 Pin=J?-56
Removed Pin From Net: NetName=GPIO2 Pin=J?-58
Removed Pin From Net: NetName=GPIO45 Pin=J?-80
Removed Pin From Net: NetName=GPIO44 Pin=J?-82
Removed Pin From Net: NetName=PI_LED_nPWR Pin=J?-95
Removed Pin From Net: NetName=USB_OTG_ID Pin=J?-101
Removed Pin From Net: NetName=USB_N Pin=J?-103
Removed Pin From Net: NetName=USB_P Pin=J?-105
Change Component Designator: OldDesignator=J? NewDesignator=J6
Added Pin To Net: NetName=Pi_nLED_Activity Pin=J6-21
Added Pin To Net: NetName=GPIO26 Pin=J6-24
Added Pin To Net: NetName=GPIO21 Pin=J6-25
Added Pin To Net: NetName=GPIO19 Pin=J6-26
Added Pin To Net: NetName=GPIO20 Pin=J6-27
Added Pin To Net: NetName=GPIO13 Pin=J6-28
Added Pin To Net: NetName=GPIO16 Pin=J6-29
Added Pin To Net: NetName=GPIO6 Pin=J6-30
Added Pin To Net: NetName=GPIO12 Pin=J6-31
Added Pin To Net: NetName=GPIO5 Pin=J6-34
Added Pin To Net: NetName=GPIO1 Pin=J6-35
Added Pin To Net: NetName=GPIO0 Pin=J6-36
Added Pin To Net: NetName=GPIO7 Pin=J6-37
Added Pin To Net: NetName=GPIO11 Pin=J6-38
Added Pin To Net: NetName=GPIO8 Pin=J6-39
Added Pin To Net: NetName=GPIO9 Pin=J6-40
Added Pin To Net: NetName=GPIO25 Pin=J6-41
Added Pin To Net: NetName=GPIO10 Pin=J6-44
Added Pin To Net: NetName=GPIO24 Pin=J6-45
Added Pin To Net: NetName=GPIO22 Pin=J6-46
Added Pin To Net: NetName=GPIO23 Pin=J6-47
Added Pin To Net: NetName=GPIO27 Pin=J6-48
Added Pin To Net: NetName=GPIO18 Pin=J6-49
Added Pin To Net: NetName=GPIO17 Pin=J6-50
Added Pin To Net: NetName=GPIO15 Pin=J6-51
Added Pin To Net: NetName=GPIO4 Pin=J6-54
Added Pin To Net: NetName=GPIO14 Pin=J6-55
Added Pin To Net: NetName=GPIO3 Pin=J6-56
Added Pin To Net: NetName=GPIO2 Pin=J6-58
Added Pin To Net: NetName=GPIO45 Pin=J6-80
Added Pin To Net: NetName=GPIO44 Pin=J6-82
Added Pin To Net: NetName=PI_LED_nPWR Pin=J6-95
Added Pin To Net: NetName=USB_OTG_ID Pin=J6-101
Added Pin To Net: NetName=USB_N Pin=J6-103
Added Pin To Net: NetName=USB_P Pin=J6-105
Added Pin To Net: NetName=USB_OTG_ID Pin=J7-47
Added Pin To Net: NetName=GND Pin=J7-48
